astroid radar/app/build/intermediates/manifest_merge_blame_file/debug/manifest-merger-blame-debug-report.txt
1<?xml version="1.0" encoding="utf-8"?>
2<manifest xmlns:android="http://schemas.android.com/apk/res/android"
3    package="com.udacity.asteroidradar"
4    android:versionCode="1"
5    android:versionName="1.0" >
6
7    <uses-sdk
8        android:minSdkVersion="21"
8-->src\main\AndroidManifest.xml
9        android:targetSdkVersion="31" />
9-->src\main\AndroidManifest.xml
10
11    <uses-permission android:name="android.permission.INTERNET" />
11-->src\main\AndroidManifest.xml:5:5-67
11-->src\main\AndroidManifest.xml:5:22-64
12    <uses-permission android:name="android.permission.WAKE_LOCK" />
12-->[androidx.work:work-runtime:2.7.0] AndroidManifest.xml:25:5-68
12-->[androidx.work:work-runtime:2.7.0] AndroidManifest.xml:25:22-65
13    <uses-permission android:name="android.permission.ACCESS_NETWORK_STATE" />
13-->[androidx.work:work-runtime:2.7.0] AndroidManifest.xml:26:5-79
13-->[androidx.work:work-runtime:2.7.0] AndroidManifest.xml:26:22-76
14    <uses-permission android:name="android.permission.RECEIVE_BOOT_COMPLETED" />
14-->[androidx.work:work-runtime:2.7.0] AndroidManifest.xml:27:5-81
14-->[androidx.work:work-runtime:2.7.0] AndroidManifest.xml:27:22-78
15    <uses-permission android:name="android.permission.FOREGROUND_SERVICE" />
15-->[androidx.work:work-runtime:2.7.0] AndroidManifest.xml:28:5-77
15-->[androidx.work:work-runtime:2.7.0] AndroidManifest.xml:28:22-74
16
17    <application
17-->src\main\AndroidManifest.xml:7:5-23:19
18        android:name="com.udacity.asteroidradar.AsteroidRadarApplication"
18-->src\main\AndroidManifest.xml:8:9-49
19        android:allowBackup="true"
19-->src\main\AndroidManifest.xml:9:9-35
20        android:appComponentFactory="androidx.core.app.CoreComponentFactory"
20-->[androidx.core:core:1.6.0] AndroidManifest.xml:24:18-86
21        android:debuggable="true"
22        android:icon="@mipmap/ic_launcher"
22-->src\main\AndroidManifest.xml:10:9-43
23        android:label="@string/app_name"
23-->src\main\AndroidManifest.xml:11:9-41
24        android:roundIcon="@mipmap/ic_launcher_round"
24-->src\main\AndroidManifest.xml:12:9-54
25        android:supportsRtl="true"
25-->src\main\AndroidManifest.xml:13:9-35
26        android:testOnly="true"
27        android:theme="@style/AppTheme" >
27-->src\main\AndroidManifest.xml:14:9-40
28        <activity
28-->src\main\AndroidManifest.xml:15:9-22:20
29            android:name="com.udacity.asteroidradar.MainActivity"
29-->src\main\AndroidManifest.xml:15:19-47
30            android:exported="true" >
30-->src\main\AndroidManifest.xml:16:13-36
31            <intent-filter>
31-->src\main\AndroidManifest.xml:17:13-21:29
32                <action android:name="android.intent.action.MAIN" />
32-->src\main\AndroidManifest.xml:18:17-69
32-->src\main\AndroidManifest.xml:18:25-66
33
34                <category android:name="android.intent.category.LAUNCHER" />
34-->src\main\AndroidManifest.xml:20:17-77
34-->src\main\AndroidManifest.xml:20:27-74
35            </intent-filter>
36        </activity>
37
38        <provider
38-->[com.squareup.picasso:picasso:2.71828] AndroidManifest.xml:8:9-11:40
39            android:name="com.squareup.picasso.PicassoProvider"
39-->[com.squareup.picasso:picasso:2.71828] AndroidManifest.xml:9:13-64
40            android:authorities="com.udacity.asteroidradar.com.squareup.picasso"
40-->[com.squareup.picasso:picasso:2.71828] AndroidManifest.xml:10:13-72
41            android:exported="false" />
41-->[com.squareup.picasso:picasso:2.71828] AndroidManifest.xml:11:13-37
42        <provider
42-->[androidx.work:work-runtime:2.7.0] AndroidManifest.xml:31:9-39:20
43            android:name="androidx.startup.InitializationProvider"
43-->[androidx.work:work-runtime:2.7.0] AndroidManifest.xml:32:13-67
44            android:authorities="com.udacity.asteroidradar.androidx-startup"
44-->[androidx.work:work-runtime:2.7.0] AndroidManifest.xml:33:13-68
45            android:exported="false" >
45-->[androidx.work:work-runtime:2.7.0] AndroidManifest.xml:34:13-37
46            <meta-data
46-->[androidx.work:work-runtime:2.7.0] AndroidManifest.xml:36:13-38:52
47                android:name="androidx.work.WorkManagerInitializer"
47-->[androidx.work:work-runtime:2.7.0] AndroidManifest.xml:37:17-68
48                android:value="androidx.startup" />
48-->[androidx.work:work-runtime:2.7.0] AndroidManifest.xml:38:17-49
49        </provider>
50
51        <service
51-->[androidx.work:work-runtime:2.7.0] AndroidManifest.xml:41:9-46:35
52            android:name="androidx.work.impl.background.systemalarm.SystemAlarmService"
52-->[androidx.work:work-runtime:2.7.0] AndroidManifest.xml:42:13-88
53            android:directBootAware="false"
53-->[androidx.work:work-runtime:2.7.0] AndroidManifest.xml:43:13-44
54            android:enabled="@bool/enable_system_alarm_service_default"
54-->[androidx.work:work-runtime:2.7.0] AndroidManifest.xml:44:13-72
55            android:exported="false" />
55-->[androidx.work:work-runtime:2.7.0] AndroidManifest.xml:45:13-37
56        <service
56-->[androidx.work:work-runtime:2.7.0] AndroidManifest.xml:47:9-53:35
57            android:name="androidx.work.impl.background.systemjob.SystemJobService"
57-->[androidx.work:work-runtime:2.7.0] AndroidManifest.xml:48:13-84
58            android:directBootAware="false"
58-->[androidx.work:work-runtime:2.7.0] AndroidManifest.xml:49:13-44
59            android:enabled="@bool/enable_system_job_service_default"
59-->[androidx.work:work-runtime:2.7.0] AndroidManifest.xml:50:13-70
60            android:exported="true"
60-->[androidx.work:work-runtime:2.7.0] AndroidManifest.xml:51:13-36
61            android:permission="android.permission.BIND_JOB_SERVICE" />
61-->[androidx.work:work-runtime:2.7.0] AndroidManifest.xml:52:13-69
62        <service
62-->[androidx.work:work-runtime:2.7.0] AndroidManifest.xml:54:9-59:35
63            android:name="androidx.work.impl.foreground.SystemForegroundService"
63-->[androidx.work:work-runtime:2.7.0] AndroidManifest.xml:55:13-81
64            android:directBootAware="false"
64-->[androidx.work:work-runtime:2.7.0] AndroidManifest.xml:56:13-44
65            android:enabled="@bool/enable_system_foreground_service_default"
65-->[androidx.work:work-runtime:2.7.0] AndroidManifest.xml:57:13-77
66            android:exported="false" />
66-->[androidx.work:work-runtime:2.7.0] AndroidManifest.xml:58:13-37
67
68        <receiver
68-->[androidx.work:work-runtime:2.7.0] AndroidManifest.xml:61:9-66:35
69            android:name="androidx.work.impl.utils.ForceStopRunnable$BroadcastReceiver"
69-->[androidx.work:work-runtime:2.7.0] AndroidManifest.xml:62:13-88
70            android:directBootAware="false"
70-->[androidx.work:work-runtime:2.7.0] AndroidManifest.xml:63:13-44
71            android:enabled="true"
71-->[androidx.work:work-runtime:2.7.0] AndroidManifest.xml:64:13-35
72            android:exported="false" />
72-->[androidx.work:work-runtime:2.7.0] AndroidManifest.xml:65:13-37
73        <receiver
73-->[androidx.work:work-runtime:2.7.0] AndroidManifest.xml:67:9-77:20
74            android:name="androidx.work.impl.background.systemalarm.ConstraintProxy$BatteryChargingProxy"
74-->[androidx.work:work-runtime:2.7.0] AndroidManifest.xml:68:13-106
75            android:directBootAware="false"
75-->[androidx.work:work-runtime:2.7.0] AndroidManifest.xml:69:13-44
76            android:enabled="false"
76-->[androidx.work:work-runtime:2.7.0] AndroidManifest.xml:70:13-36
77            android:exported="false" >
77-->[androidx.work:work-runtime:2.7.0] AndroidManifest.xml:71:13-37
78            <intent-filter>
78-->[androidx.work:work-runtime:2.7.0] AndroidManifest.xml:73:13-76:29
79                <action android:name="android.intent.action.ACTION_POWER_CONNECTED" />
79-->[androidx.work:work-runtime:2.7.0] AndroidManifest.xml:74:17-87
79-->[androidx.work:work-runtime:2.7.0] AndroidManifest.xml:74:25-84
80                <action android:name="android.intent.action.ACTION_POWER_DISCONNECTED" />
80-->[androidx.work:work-runtime:2.7.0] AndroidManifest.xml:75:17-90
80-->[androidx.work:work-runtime:2.7.0] AndroidManifest.xml:75:25-87
81            </intent-filter>
82        </receiver>
83        <receiver
83-->[androidx.work:work-runtime:2.7.0] AndroidManifest.xml:78:9-88:20
84            android:name="androidx.work.impl.background.systemalarm.ConstraintProxy$BatteryNotLowProxy"
84-->[androidx.work:work-runtime:2.7.0] AndroidManifest.xml:79:13-104
85            android:directBootAware="false"
85-->[androidx.work:work-runtime:2.7.0] AndroidManifest.xml:80:13-44
86            android:enabled="false"
86-->[androidx.work:work-runtime:2.7.0] AndroidManifest.xml:81:13-36
87            android:exported="false" >
87-->[androidx.work:work-runtime:2.7.0] AndroidManifest.xml:82:13-37
88            <intent-filter>
88-->[androidx.work:work-runtime:2.7.0] AndroidManifest.xml:84:13-87:29
89                <action android:name="android.intent.action.BATTERY_OKAY" />
89-->[androidx.work:work-runtime:2.7.0] AndroidManifest.xml:85:17-77
89-->[androidx.work:work-runtime:2.7.0] AndroidManifest.xml:85:25-74
90                <action android:name="android.intent.action.BATTERY_LOW" />
90-->[androidx.work:work-runtime:2.7.0] AndroidManifest.xml:86:17-76
90-->[androidx.work:work-runtime:2.7.0] AndroidManifest.xml:86:25-73
91            </intent-filter>
92        </receiver>
93        <receiver
93-->[androidx.work:work-runtime:2.7.0] AndroidManifest.xml:89:9-99:20
94            android:name="androidx.work.impl.background.systemalarm.ConstraintProxy$StorageNotLowProxy"
94-->[androidx.work:work-runtime:2.7.0] AndroidManifest.xml:90:13-104
95            android:directBootAware="false"
95-->[androidx.work:work-runtime:2.7.0] AndroidManifest.xml:91:13-44
96            android:enabled="false"
96-->[androidx.work:work-runtime:2.7.0] AndroidManifest.xml:92:13-36
97            android:exported="false" >
97-->[androidx.work:work-runtime:2.7.0] AndroidManifest.xml:93:13-37
98            <intent-filter>
98-->[androidx.work:work-runtime:2.7.0] AndroidManifest.xml:95:13-98:29
99                <action android:name="android.intent.action.DEVICE_STORAGE_LOW" />
99-->[androidx.work:work-runtime:2.7.0] AndroidManifest.xml:96:17-83
99-->[androidx.work:work-runtime:2.7.0] AndroidManifest.xml:96:25-80
100                <action android:name="android.intent.action.DEVICE_STORAGE_OK" />
100-->[androidx.work:work-runtime:2.7.0] AndroidManifest.xml:97:17-82
100-->[androidx.work:work-runtime:2.7.0] AndroidManifest.xml:97:25-79
101            </intent-filter>
102        </receiver>
103        <receiver
103-->[androidx.work:work-runtime:2.7.0] AndroidManifest.xml:100:9-109:20
104            android:name="androidx.work.impl.background.systemalarm.ConstraintProxy$NetworkStateProxy"
104-->[androidx.work:work-runtime:2.7.0] AndroidManifest.xml:101:13-103
105            android:directBootAware="false"
105-->[androidx.work:work-runtime:2.7.0] AndroidManifest.xml:102:13-44
106            android:enabled="false"
106-->[androidx.work:work-runtime:2.7.0] AndroidManifest.xml:103:13-36
107            android:exported="false" >
107-->[androidx.work:work-runtime:2.7.0] AndroidManifest.xml:104:13-37
108            <intent-filter>
108-->[androidx.work:work-runtime:2.7.0] AndroidManifest.xml:106:13-108:29
109                <action android:name="android.net.conn.CONNECTIVITY_CHANGE" />
109-->[androidx.work:work-runtime:2.7.0] AndroidManifest.xml:107:17-79
109-->[androidx.work:work-runtime:2.7.0] AndroidManifest.xml:107:25-76
110            </intent-filter>
111        </receiver>
112        <receiver
112-->[androidx.work:work-runtime:2.7.0] AndroidManifest.xml:110:9-121:20
113            android:name="androidx.work.impl.background.systemalarm.RescheduleReceiver"
113-->[androidx.work:work-runtime:2.7.0] AndroidManifest.xml:111:13-88
114            android:directBootAware="false"
114-->[androidx.work:work-runtime:2.7.0] AndroidManifest.xml:112:13-44
115            android:enabled="false"
115-->[androidx.work:work-runtime:2.7.0] AndroidManifest.xml:113:13-36
116            android:exported="false" >
116-->[androidx.work:work-runtime:2.7.0] AndroidManifest.xml:114:13-37
117            <intent-filter>
117-->[androidx.work:work-runtime:2.7.0] AndroidManifest.xml:116:13-120:29
118                <action android:name="android.intent.action.BOOT_COMPLETED" />
118-->[androidx.work:work-runtime:2.7.0] AndroidManifest.xml:117:17-79
118-->[androidx.work:work-runtime:2.7.0] AndroidManifest.xml:117:25-76
119                <action android:name="android.intent.action.TIME_SET" />
119-->[androidx.work:work-runtime:2.7.0] AndroidManifest.xml:118:17-73
119-->[androidx.work:work-runtime:2.7.0] AndroidManifest.xml:118:25-70
120                <action android:name="android.intent.action.TIMEZONE_CHANGED" />
120-->[androidx.work:work-runtime:2.7.0] AndroidManifest.xml:119:17-81
120-->[androidx.work:work-runtime:2.7.0] AndroidManifest.xml:119:25-78
121            </intent-filter>
122        </receiver>
123        <receiver
123-->[androidx.work:work-runtime:2.7.0] AndroidManifest.xml:122:9-131:20
124            android:name="androidx.work.impl.background.systemalarm.ConstraintProxyUpdateReceiver"
124-->[androidx.work:work-runtime:2.7.0] AndroidManifest.xml:123:13-99
125            android:directBootAware="false"
125-->[androidx.work:work-runtime:2.7.0] AndroidManifest.xml:124:13-44
126            android:enabled="@bool/enable_system_alarm_service_default"
126-->[androidx.work:work-runtime:2.7.0] AndroidManifest.xml:125:13-72
127            android:exported="false" >
127-->[androidx.work:work-runtime:2.7.0] AndroidManifest.xml:126:13-37
128            <intent-filter>
128-->[androidx.work:work-runtime:2.7.0] AndroidManifest.xml:128:13-130:29
129                <action android:name="androidx.work.impl.background.systemalarm.UpdateProxies" />
129-->[androidx.work:work-runtime:2.7.0] AndroidManifest.xml:129:17-98
129-->[androidx.work:work-runtime:2.7.0] AndroidManifest.xml:129:25-95
130            </intent-filter>
131        </receiver>
132        <receiver
132-->[androidx.work:work-runtime:2.7.0] AndroidManifest.xml:132:9-142:20
133            android:name="androidx.work.impl.diagnostics.DiagnosticsReceiver"
133-->[androidx.work:work-runtime:2.7.0] AndroidManifest.xml:133:13-78
134            android:directBootAware="false"
134-->[androidx.work:work-runtime:2.7.0] AndroidManifest.xml:134:13-44
135            android:enabled="true"
135-->[androidx.work:work-runtime:2.7.0] AndroidManifest.xml:135:13-35
136            android:exported="true"
136-->[androidx.work:work-runtime:2.7.0] AndroidManifest.xml:136:13-36
137            android:permission="android.permission.DUMP" >
137-->[androidx.work:work-runtime:2.7.0] AndroidManifest.xml:137:13-57
138            <intent-filter>
138-->[androidx.work:work-runtime:2.7.0] AndroidManifest.xml:139:13-141:29
139                <action android:name="androidx.work.diagnostics.REQUEST_DIAGNOSTICS" />
139-->[androidx.work:work-runtime:2.7.0] AndroidManifest.xml:140:17-88
139-->[androidx.work:work-runtime:2.7.0] AndroidManifest.xml:140:25-85
140            </intent-filter>
141        </receiver>
142
143        <service
143-->[androidx.room:room-runtime:2.4.3] AndroidManifest.xml:25:9-28:40
144            android:name="androidx.room.MultiInstanceInvalidationService"
144-->[androidx.room:room-runtime:2.4.3] AndroidManifest.xml:26:13-74
145            android:directBootAware="true"
145-->[androidx.room:room-runtime:2.4.3] AndroidManifest.xml:27:13-43
146            android:exported="false" />
146-->[androidx.room:room-runtime:2.4.3] AndroidManifest.xml:28:13-37
147
148        <provider
148-->[androidx.lifecycle:lifecycle-process:2.2.0] AndroidManifest.xml:25:9-29:43
149            android:name="androidx.lifecycle.ProcessLifecycleOwnerInitializer"
149-->[androidx.lifecycle:lifecycle-process:2.2.0] AndroidManifest.xml:26:13-79
150            android:authorities="com.udacity.asteroidradar.lifecycle-process"
150-->[androidx.lifecycle:lifecycle-process:2.2.0] AndroidManifest.xml:27:13-69
151            android:exported="false"
151-->[androidx.lifecycle:lifecycle-process:2.2.0] AndroidManifest.xml:28:13-37
152            android:multiprocess="true" />
152-->[androidx.lifecycle:lifecycle-process:2.2.0] AndroidManifest.xml:29:13-40
153    </application>
154
155</manifest>